{"C:\\Users\\carlos.torrillas\\RiderProjects\\prueba-frontend\\src\\components\\UserTable.tsx": {"path":"C:\\Users\\carlos.torrillas\\RiderProjects\\prueba-frontend\\src\\components\\UserTable.tsx","statementMap":{"0":{"start":{"line":10,"column":44},"end":{"line":43,"column":1}},"1":{"start":{"line":11,"column":4},"end":{"line":42,"column":6}},"2":{"start":{"line":24,"column":16},"end":{"line":24,"column":null}},"3":{"start":{"line":35,"column":47},"end":{"line":35,"column":59}},"4":{"start":{"line":36,"column":47},"end":{"line":36,"column":72}},"5":{"start":{"line":45,"column":0},"end":{"line":45,"column":25}}},"fnMap":{"0":{"name":"(anonymous_0)","decl":{"start":{"line":10,"column":44},"end":{"line":10,"column":45}},"loc":{"start":{"line":10,"column":76},"end":{"line":43,"column":1}}},"1":{"name":"(anonymous_1)","decl":{"start":{"line":23,"column":23},"end":{"line":23,"column":27}},"loc":{"start":{"line":24,"column":16},"end":{"line":24,"column":null}}},"2":{"name":"(anonymous_2)","decl":{"start":{"line":35,"column":41},"end":{"line":35,"column":44}},"loc":{"start":{"line":35,"column":47},"end":{"line":35,"column":59}}},"3":{"name":"(anonymous_3)","decl":{"start":{"line":36,"column":41},"end":{"line":36,"column":44}},"loc":{"start":{"line":36,"column":47},"end":{"line":36,"column":72}}}},"branchMap":{},"s":{"0":1,"1":3,"2":3,"3":2,"4":1,"5":1},"f":{"0":3,"1":3,"2":2,"3":1},"b":{}}
}
