{"C:\\Users\\carlos.torrillas\\RiderProjects\\prueba-frontend\\src\\App.tsx": {"path":"C:\\Users\\carlos.torrillas\\RiderProjects\\prueba-frontend\\src\\App.tsx","statementMap":{"0":{"start":{"line":1,"column":0},"end":{"line":1,"column":51}},"1":{"start":{"line":2,"column":0},"end":{"line":2,"column":47}},"2":{"start":{"line":3,"column":0},"end":{"line":3,"column":47}},"3":{"start":{"line":4,"column":0},"end":{"line":4,"column":19}},"4":{"start":{"line":5,"column":0},"end":{"line":5,"column":54}},"5":{"start":{"line":8,"column":22},"end":{"line":111,"column":1}},"6":{"start":{"line":9,"column":30},"end":{"line":9,"column":50}},"7":{"start":{"line":10,"column":46},"end":{"line":10,"column":66}},"8":{"start":{"line":11,"column":42},"end":{"line":11,"column":66}},"9":{"start":{"line":12,"column":38},"end":{"line":12,"column":69}},"10":{"start":{"line":13,"column":44},"end":{"line":13,"column":71}},"11":{"start":{"line":14,"column":38},"end":{"line":14,"column":62}},"12":{"start":{"line":15,"column":30},"end":{"line":15,"column":59}},"13":{"start":{"line":18,"column":23},"end":{"line":32,"column":6}},"14":{"start":{"line":18,"column":34},"end":{"line":32,"column":6}},"15":{"start":{"line":19,"column":8},"end":{"line":19,"column":27}},"16":{"start":{"line":20,"column":8},"end":{"line":20,"column":23}},"17":{"start":{"line":22,"column":8},"end":{"line":31,"column":9}},"18":{"start":{"line":23,"column":33},"end":{"line":23,"column":66}},"19":{"start":{"line":24,"column":12},"end":{"line":24,"column":35}},"20":{"start":{"line":25,"column":12},"end":{"line":25,"column":43}},"21":{"start":{"line":27,"column":12},"end":{"line":27,"column":70}},"22":{"start":{"line":28,"column":12},"end":{"line":28,"column":58}},"23":{"start":{"line":30,"column":12},"end":{"line":30,"column":32}},"24":{"start":{"line":34,"column":4},"end":{"line":36,"column":11}},"25":{"start":{"line":35,"column":8},"end":{"line":35,"column":21}},"26":{"start":{"line":39,"column":25},"end":{"line":41,"column":5}},"27":{"start":{"line":40,"column":8},"end":{"line":40,"column":84}},"28":{"start":{"line":40,"column":30},"end":{"line":40,"column":82}},"29":{"start":{"line":40,"column":55},"end":{"line":40,"column":81}},"30":{"start":{"line":44,"column":23},"end":{"line":48,"column":5}},"31":{"start":{"line":45,"column":8},"end":{"line":45,"column":30}},"32":{"start":{"line":46,"column":8},"end":{"line":46,"column":29}},"33":{"start":{"line":47,"column":8},"end":{"line":47,"column":29}},"34":{"start":{"line":51,"column":22},"end":{"line":55,"column":5}},"35":{"start":{"line":52,"column":8},"end":{"line":52,"column":30}},"36":{"start":{"line":53,"column":8},"end":{"line":53,"column":28}},"37":{"start":{"line":54,"column":8},"end":{"line":54,"column":29}},"38":{"start":{"line":58,"column":26},"end":{"line":60,"column":5}},"39":{"start":{"line":59,"column":8},"end":{"line":59,"column":32}},"40":{"start":{"line":63,"column":23},"end":{"line":79,"column":5}},"41":{"start":{"line":64,"column":8},"end":{"line":77,"column":9}},"42":{"start":{"line":66,"column":32},"end":{"line":66,"column":81}},"43":{"start":{"line":68,"column":12},"end":{"line":72,"column":14}},"44":{"start":{"line":69,"column":16},"end":{"line":70,"column":null}},"45":{"start":{"line":70,"column":20},"end":{"line":70,"column":83}},"46":{"start":{"line":73,"column":15},"end":{"line":77,"column":9}},"47":{"start":{"line":75,"column":28},"end":{"line":75,"column":63}},"48":{"start":{"line":76,"column":12},"end":{"line":76,"column":59}},"49":{"start":{"line":76,"column":34},"end":{"line":76,"column":57}},"50":{"start":{"line":78,"column":8},"end":{"line":78,"column":30}},"51":{"start":{"line":81,"column":23},"end":{"line":83,"column":5}},"52":{"start":{"line":82,"column":8},"end":{"line":82,"column":30}},"53":{"start":{"line":85,"column":4},"end":{"line":110,"column":6}},"54":{"start":{"line":112,"column":0},"end":{"line":112,"column":19}}},"fnMap":{"0":{"name":"(anonymous_8)","decl":{"start":{"line":8,"column":22},"end":{"line":8,"column":25}},"loc":{"start":{"line":8,"column":27},"end":{"line":111,"column":1}}},"1":{"name":"(anonymous_9)","decl":{"start":{"line":18,"column":23},"end":{"line":18,"column":32}},"loc":{"start":{"line":18,"column":34},"end":{"line":32,"column":6}}},"2":{"name":"(anonymous_10)","decl":{"start":{"line":18,"column":34},"end":{"line":18,"column":null}},"loc":{"start":{"line":18,"column":34},"end":{"line":32,"column":5}}},"3":{"name":"(anonymous_11)","decl":{"start":{"line":34,"column":14},"end":{"line":34,"column":17}},"loc":{"start":{"line":34,"column":19},"end":{"line":36,"column":5}}},"4":{"name":"(anonymous_12)","decl":{"start":{"line":39,"column":25},"end":{"line":39,"column":26}},"loc":{"start":{"line":39,"column":50},"end":{"line":41,"column":5}}},"5":{"name":"(anonymous_13)","decl":{"start":{"line":40,"column":17},"end":{"line":40,"column":26}},"loc":{"start":{"line":40,"column":30},"end":{"line":40,"column":82}}},"6":{"name":"(anonymous_14)","decl":{"start":{"line":40,"column":47},"end":{"line":40,"column":51}},"loc":{"start":{"line":40,"column":55},"end":{"line":40,"column":81}}},"7":{"name":"(anonymous_15)","decl":{"start":{"line":44,"column":23},"end":{"line":44,"column":24}},"loc":{"start":{"line":44,"column":44},"end":{"line":48,"column":5}}},"8":{"name":"(anonymous_16)","decl":{"start":{"line":51,"column":22},"end":{"line":51,"column":31}},"loc":{"start":{"line":51,"column":33},"end":{"line":55,"column":5}}},"9":{"name":"(anonymous_17)","decl":{"start":{"line":58,"column":26},"end":{"line":58,"column":35}},"loc":{"start":{"line":58,"column":37},"end":{"line":60,"column":5}}},"10":{"name":"(anonymous_18)","decl":{"start":{"line":63,"column":23},"end":{"line":63,"column":24}},"loc":{"start":{"line":63,"column":60},"end":{"line":79,"column":5}}},"11":{"name":"(anonymous_19)","decl":{"start":{"line":68,"column":21},"end":{"line":68,"column":30}},"loc":{"start":{"line":69,"column":16},"end":{"line":70,"column":null}}},"12":{"name":"(anonymous_20)","decl":{"start":{"line":69,"column":30},"end":{"line":69,"column":34}},"loc":{"start":{"line":70,"column":20},"end":{"line":70,"column":83}}},"13":{"name":"(anonymous_21)","decl":{"start":{"line":76,"column":21},"end":{"line":76,"column":30}},"loc":{"start":{"line":76,"column":34},"end":{"line":76,"column":57}}},"14":{"name":"(anonymous_22)","decl":{"start":{"line":81,"column":23},"end":{"line":81,"column":32}},"loc":{"start":{"line":81,"column":34},"end":{"line":83,"column":5}}}},"branchMap":{"0":{"loc":{"start":{"line":64,"column":8},"end":{"line":77,"column":9}},"type":"if","locations":[{"start":{"line":64,"column":8},"end":{"line":77,"column":9}},{"start":{"line":73,"column":15},"end":{"line":77,"column":9}}]},"1":{"loc":{"start":{"line":64,"column":12},"end":{"line":64,"column":48}},"type":"binary-expr","locations":[{"start":{"line":64,"column":12},"end":{"line":64,"column":32}},{"start":{"line":64,"column":36},"end":{"line":64,"column":48}}]},"2":{"loc":{"start":{"line":70,"column":20},"end":{"line":70,"column":83}},"type":"cond-expr","locations":[{"start":{"line":70,"column":65},"end":{"line":70,"column":76}},{"start":{"line":70,"column":79},"end":{"line":70,"column":83}}]},"3":{"loc":{"start":{"line":73,"column":15},"end":{"line":77,"column":9}},"type":"if","locations":[{"start":{"line":73,"column":15},"end":{"line":77,"column":9}}]},"4":{"loc":{"start":{"line":89,"column":13},"end":{"line":89,"column":66}},"type":"binary-expr","locations":[{"start":{"line":89,"column":13},"end":{"line":89,"column":18}},{"start":{"line":89,"column":22},"end":{"line":89,"column":66}}]},"5":{"loc":{"start":{"line":96,"column":13},"end":{"line":99,"column":null}},"type":"cond-expr","locations":[{"start":{"line":97,"column":16},"end":{"line":97,"column":67}},{"start":{"line":99,"column":16},"end":{"line":99,"column":87}}]}},"s":{"0":1,"1":1,"2":1,"3":1,"4":1,"5":1,"6":29,"7":29,"8":29,"9":29,"10":29,"11":29,"12":29,"13":29,"14":7,"15":7,"16":7,"17":7,"18":7,"19":6,"20":6,"21":1,"22":1,"23":7,"24":29,"25":7,"26":29,"27":2,"28":2,"29":4,"30":29,"31":1,"32":1,"33":1,"34":29,"35":2,"36":2,"37":2,"38":29,"39":1,"40":29,"41":2,"42":1,"43":1,"44":1,"45":2,"46":1,"47":1,"48":1,"49":1,"50":2,"51":29,"52":0,"53":29,"54":1},"f":{"0":29,"1":7,"2":7,"3":7,"4":2,"5":2,"6":4,"7":1,"8":2,"9":1,"10":2,"11":1,"12":2,"13":1,"14":0},"b":{"0":[1,1],"1":[2,1],"2":[1,1],"3":[1],"4":[29,1],"5":[7,22]}}
,"C:\\Users\\carlos.torrillas\\RiderProjects\\prueba-frontend\\src\\components\\UserModal.tsx": {"path":"C:\\Users\\carlos.torrillas\\RiderProjects\\prueba-frontend\\src\\components\\UserModal.tsx","statementMap":{"0":{"start":{"line":1,"column":0},"end":{"line":1,"column":51}},"1":{"start":{"line":8,"column":44},"end":{"line":134,"column":1}},"2":{"start":{"line":9,"column":30},"end":{"line":9,"column":50}},"3":{"start":{"line":10,"column":38},"end":{"line":10,"column":58}},"4":{"start":{"line":11,"column":36},"end":{"line":11,"column":56}},"5":{"start":{"line":12,"column":30},"end":{"line":12,"column":50}},"6":{"start":{"line":13,"column":34},"end":{"line":13,"column":54}},"7":{"start":{"line":14,"column":32},"end":{"line":14,"column":68}},"8":{"start":{"line":16,"column":4},"end":{"line":32,"column":29}},"9":{"start":{"line":17,"column":8},"end":{"line":29,"column":9}},"10":{"start":{"line":18,"column":12},"end":{"line":18,"column":38}},"11":{"start":{"line":19,"column":12},"end":{"line":19,"column":42}},"12":{"start":{"line":20,"column":12},"end":{"line":20,"column":40}},"13":{"start":{"line":21,"column":12},"end":{"line":21,"column":33}},"14":{"start":{"line":22,"column":12},"end":{"line":22,"column":46}},"15":{"start":{"line":24,"column":12},"end":{"line":24,"column":27}},"16":{"start":{"line":25,"column":12},"end":{"line":25,"column":29}},"17":{"start":{"line":26,"column":12},"end":{"line":26,"column":28}},"18":{"start":{"line":27,"column":12},"end":{"line":27,"column":25}},"19":{"start":{"line":28,"column":12},"end":{"line":28,"column":27}},"20":{"start":{"line":31,"column":8},"end":{"line":31,"column":22}},"21":{"start":{"line":34,"column":25},"end":{"line":57,"column":5}},"22":{"start":{"line":35,"column":50},"end":{"line":35,"column":52}},"23":{"start":{"line":37,"column":8},"end":{"line":39,"column":9}},"24":{"start":{"line":38,"column":12},"end":{"line":38,"column":61}},"25":{"start":{"line":41,"column":8},"end":{"line":43,"column":9}},"26":{"start":{"line":42,"column":12},"end":{"line":42,"column":62}},"27":{"start":{"line":45,"column":8},"end":{"line":49,"column":9}},"28":{"start":{"line":46,"column":12},"end":{"line":46,"column":56}},"29":{"start":{"line":47,"column":15},"end":{"line":49,"column":9}},"30":{"start":{"line":48,"column":12},"end":{"line":48,"column":66}},"31":{"start":{"line":51,"column":8},"end":{"line":53,"column":9}},"32":{"start":{"line":52,"column":12},"end":{"line":52,"column":57}},"33":{"start":{"line":55,"column":8},"end":{"line":55,"column":29}},"34":{"start":{"line":56,"column":8},"end":{"line":56,"column":51}},"35":{"start":{"line":59,"column":25},"end":{"line":73,"column":5}},"36":{"start":{"line":60,"column":8},"end":{"line":60,"column":27}},"37":{"start":{"line":62,"column":8},"end":{"line":64,"column":9}},"38":{"start":{"line":63,"column":12},"end":{"line":63,"column":19}},"39":{"start":{"line":66,"column":43},"end":{"line":70,"column":10}},"40":{"start":{"line":72,"column":8},"end":{"line":72,"column":28}},"41":{"start":{"line":75,"column":4},"end":{"line":75,"column":29}},"42":{"start":{"line":75,"column":17},"end":{"line":75,"column":29}},"43":{"start":{"line":77,"column":4},"end":{"line":133,"column":6}},"44":{"start":{"line":87,"column":45},"end":{"line":87,"column":73}},"45":{"start":{"line":98,"column":45},"end":{"line":98,"column":72}},"46":{"start":{"line":109,"column":45},"end":{"line":109,"column":69}},"47":{"start":{"line":120,"column":45},"end":{"line":120,"column":71}},"48":{"start":{"line":135,"column":0},"end":{"line":135,"column":25}}},"fnMap":{"0":{"name":"(anonymous_0)","decl":{"start":{"line":8,"column":44},"end":{"line":8,"column":45}},"loc":{"start":{"line":8,"column":88},"end":{"line":134,"column":1}}},"1":{"name":"(anonymous_1)","decl":{"start":{"line":16,"column":14},"end":{"line":16,"column":17}},"loc":{"start":{"line":16,"column":19},"end":{"line":32,"column":5}}},"2":{"name":"(anonymous_2)","decl":{"start":{"line":34,"column":25},"end":{"line":34,"column":37}},"loc":{"start":{"line":34,"column":39},"end":{"line":57,"column":5}}},"3":{"name":"(anonymous_3)","decl":{"start":{"line":59,"column":25},"end":{"line":59,"column":26}},"loc":{"start":{"line":59,"column":54},"end":{"line":73,"column":5}}},"4":{"name":"(anonymous_4)","decl":{"start":{"line":87,"column":38},"end":{"line":87,"column":39}},"loc":{"start":{"line":87,"column":45},"end":{"line":87,"column":73}}},"5":{"name":"(anonymous_5)","decl":{"start":{"line":98,"column":38},"end":{"line":98,"column":39}},"loc":{"start":{"line":98,"column":45},"end":{"line":98,"column":72}}},"6":{"name":"(anonymous_6)","decl":{"start":{"line":109,"column":38},"end":{"line":109,"column":39}},"loc":{"start":{"line":109,"column":45},"end":{"line":109,"column":69}}},"7":{"name":"(anonymous_7)","decl":{"start":{"line":120,"column":38},"end":{"line":120,"column":39}},"loc":{"start":{"line":120,"column":45},"end":{"line":120,"column":71}}}},"branchMap":{"0":{"loc":{"start":{"line":17,"column":8},"end":{"line":29,"column":9}},"type":"if","locations":[{"start":{"line":17,"column":8},"end":{"line":29,"column":9}},{"start":{"line":23,"column":15},"end":{"line":29,"column":9}}]},"1":{"loc":{"start":{"line":17,"column":12},"end":{"line":17,"column":35}},"type":"binary-expr","locations":[{"start":{"line":17,"column":12},"end":{"line":17,"column":27}},{"start":{"line":17,"column":31},"end":{"line":17,"column":35}}]},"2":{"loc":{"start":{"line":37,"column":8},"end":{"line":39,"column":9}},"type":"if","locations":[{"start":{"line":37,"column":8},"end":{"line":39,"column":9}}]},"3":{"loc":{"start":{"line":41,"column":8},"end":{"line":43,"column":9}},"type":"if","locations":[{"start":{"line":41,"column":8},"end":{"line":43,"column":9}}]},"4":{"loc":{"start":{"line":45,"column":8},"end":{"line":49,"column":9}},"type":"if","locations":[{"start":{"line":45,"column":8},"end":{"line":49,"column":9}},{"start":{"line":47,"column":15},"end":{"line":49,"column":9}}]},"5":{"loc":{"start":{"line":47,"column":15},"end":{"line":49,"column":9}},"type":"if","locations":[{"start":{"line":47,"column":15},"end":{"line":49,"column":9}}]},"6":{"loc":{"start":{"line":51,"column":8},"end":{"line":53,"column":9}},"type":"if","locations":[{"start":{"line":51,"column":8},"end":{"line":53,"column":9}}]},"7":{"loc":{"start":{"line":62,"column":8},"end":{"line":64,"column":9}},"type":"if","locations":[{"start":{"line":62,"column":8},"end":{"line":64,"column":9}}]},"8":{"loc":{"start":{"line":75,"column":4},"end":{"line":75,"column":29}},"type":"if","locations":[{"start":{"line":75,"column":4},"end":{"line":75,"column":29}}]},"9":{"loc":{"start":{"line":80,"column":21},"end":{"line":80,"column":74}},"type":"cond-expr","locations":[{"start":{"line":80,"column":39},"end":{"line":80,"column":55}},{"start":{"line":80,"column":58},"end":{"line":80,"column":74}}]},"10":{"loc":{"start":{"line":88,"column":39},"end":{"line":88,"column":70}},"type":"cond-expr","locations":[{"start":{"line":88,"column":58},"end":{"line":88,"column":65}},{"start":{"line":88,"column":68},"end":{"line":88,"column":70}}]},"11":{"loc":{"start":{"line":91,"column":25},"end":{"line":91,"column":100}},"type":"binary-expr","locations":[{"start":{"line":91,"column":25},"end":{"line":91,"column":41}},{"start":{"line":91,"column":45},"end":{"line":91,"column":100}}]},"12":{"loc":{"start":{"line":99,"column":39},"end":{"line":99,"column":69}},"type":"cond-expr","locations":[{"start":{"line":99,"column":57},"end":{"line":99,"column":64}},{"start":{"line":99,"column":67},"end":{"line":99,"column":69}}]},"13":{"loc":{"start":{"line":102,"column":25},"end":{"line":102,"column":98}},"type":"binary-expr","locations":[{"start":{"line":102,"column":25},"end":{"line":102,"column":40}},{"start":{"line":102,"column":44},"end":{"line":102,"column":98}}]},"14":{"loc":{"start":{"line":110,"column":39},"end":{"line":110,"column":66}},"type":"cond-expr","locations":[{"start":{"line":110,"column":54},"end":{"line":110,"column":61}},{"start":{"line":110,"column":64},"end":{"line":110,"column":66}}]},"15":{"loc":{"start":{"line":113,"column":25},"end":{"line":113,"column":92}},"type":"binary-expr","locations":[{"start":{"line":113,"column":25},"end":{"line":113,"column":37}},{"start":{"line":113,"column":41},"end":{"line":113,"column":92}}]},"16":{"loc":{"start":{"line":121,"column":39},"end":{"line":121,"column":68}},"type":"cond-expr","locations":[{"start":{"line":121,"column":56},"end":{"line":121,"column":63}},{"start":{"line":121,"column":66},"end":{"line":121,"column":68}}]},"17":{"loc":{"start":{"line":124,"column":25},"end":{"line":124,"column":96}},"type":"binary-expr","locations":[{"start":{"line":124,"column":25},"end":{"line":124,"column":39}},{"start":{"line":124,"column":43},"end":{"line":124,"column":96}}]}},"s":{"0":2,"1":2,"2":64,"3":64,"4":64,"5":64,"6":64,"7":64,"8":64,"9":19,"10":3,"11":3,"12":3,"13":3,"14":3,"15":16,"16":16,"17":16,"18":16,"19":16,"20":19,"21":64,"22":4,"23":4,"24":1,"25":4,"26":1,"27":4,"28":1,"29":3,"30":0,"31":4,"32":1,"33":4,"34":4,"35":64,"36":4,"37":4,"38":1,"39":3,"40":3,"41":64,"42":30,"43":34,"44":4,"45":3,"46":4,"47":3,"48":2},"f":{"0":64,"1":19,"2":4,"3":4,"4":4,"5":3,"6":4,"7":3},"b":{"0":[3,16],"1":[19,3],"2":[1],"3":[1],"4":[1,3],"5":[0],"6":[1],"7":[1],"8":[30],"9":[6,28],"10":[1,33],"11":[34,1],"12":[1,33],"13":[34,1],"14":[1,33],"15":[34,1],"16":[1,33],"17":[34,1]}}
,"C:\\Users\\carlos.torrillas\\RiderProjects\\prueba-frontend\\src\\components\\UserTable.tsx": {"path":"C:\\Users\\carlos.torrillas\\RiderProjects\\prueba-frontend\\src\\components\\UserTable.tsx","statementMap":{"0":{"start":{"line":4,"column":44},"end":{"line":37,"column":1}},"1":{"start":{"line":5,"column":4},"end":{"line":36,"column":6}},"2":{"start":{"line":18,"column":16},"end":{"line":18,"column":null}},"3":{"start":{"line":29,"column":67},"end":{"line":29,"column":79}},"4":{"start":{"line":30,"column":67},"end":{"line":30,"column":92}},"5":{"start":{"line":39,"column":0},"end":{"line":39,"column":25}}},"fnMap":{"0":{"name":"(anonymous_0)","decl":{"start":{"line":4,"column":44},"end":{"line":4,"column":45}},"loc":{"start":{"line":4,"column":76},"end":{"line":37,"column":1}}},"1":{"name":"(anonymous_1)","decl":{"start":{"line":17,"column":23},"end":{"line":17,"column":27}},"loc":{"start":{"line":18,"column":16},"end":{"line":18,"column":null}}},"2":{"name":"(anonymous_2)","decl":{"start":{"line":29,"column":61},"end":{"line":29,"column":64}},"loc":{"start":{"line":29,"column":67},"end":{"line":29,"column":79}}},"3":{"name":"(anonymous_3)","decl":{"start":{"line":30,"column":61},"end":{"line":30,"column":64}},"loc":{"start":{"line":30,"column":67},"end":{"line":30,"column":92}}}},"branchMap":{},"s":{"0":2,"1":25,"2":30,"3":3,"4":3,"5":2},"f":{"0":25,"1":30,"2":3,"3":3},"b":{}}
}
