TN:
SF:src\App.tsx
FN:8,(anonymous_8)
FN:18,(anonymous_9)
FN:18,(anonymous_10)
FN:34,(anonymous_11)
FN:39,(anonymous_12)
FN:40,(anonymous_13)
FN:40,(anonymous_14)
FN:44,(anonymous_15)
FN:51,(anonymous_16)
FN:58,(anonymous_17)
FN:63,(anonymous_18)
FN:68,(anonymous_19)
FN:69,(anonymous_20)
FN:76,(anonymous_21)
FN:81,(anonymous_22)
FNF:15
FNH:14
FNDA:29,(anonymous_8)
FNDA:7,(anonymous_9)
FNDA:7,(anonymous_10)
FNDA:7,(anonymous_11)
FNDA:2,(anonymous_12)
FNDA:2,(anonymous_13)
FNDA:4,(anonymous_14)
FNDA:1,(anonymous_15)
FNDA:2,(anonymous_16)
FNDA:1,(anonymous_17)
FNDA:2,(anonymous_18)
FNDA:1,(anonymous_19)
FNDA:2,(anonymous_20)
FNDA:1,(anonymous_21)
FNDA:0,(anonymous_22)
DA:1,1
DA:2,1
DA:3,1
DA:4,1
DA:5,1
DA:8,1
DA:9,29
DA:10,29
DA:11,29
DA:12,29
DA:13,29
DA:14,29
DA:15,29
DA:18,29
DA:19,7
DA:20,7
DA:22,7
DA:23,7
DA:24,6
DA:25,6
DA:27,1
DA:28,1
DA:30,7
DA:34,29
DA:35,7
DA:39,29
DA:40,4
DA:44,29
DA:45,1
DA:46,1
DA:47,1
DA:51,29
DA:52,2
DA:53,2
DA:54,2
DA:58,29
DA:59,1
DA:63,29
DA:64,2
DA:66,1
DA:68,1
DA:69,1
DA:70,2
DA:73,1
DA:75,1
DA:76,1
DA:78,2
DA:81,29
DA:82,0
DA:85,29
DA:112,1
LF:51
LH:50
BRDA:64,0,0,1
BRDA:64,0,1,1
BRDA:64,1,0,2
BRDA:64,1,1,1
BRDA:70,2,0,1
BRDA:70,2,1,1
BRDA:73,3,0,1
BRDA:89,4,0,29
BRDA:89,4,1,1
BRDA:96,5,0,7
BRDA:96,5,1,22
BRF:11
BRH:11
end_of_record
TN:
SF:src\components\UserModal.tsx
FN:8,(anonymous_0)
FN:16,(anonymous_1)
FN:34,(anonymous_2)
FN:59,(anonymous_3)
FN:87,(anonymous_4)
FN:98,(anonymous_5)
FN:109,(anonymous_6)
FN:120,(anonymous_7)
FNF:8
FNH:8
FNDA:64,(anonymous_0)
FNDA:19,(anonymous_1)
FNDA:4,(anonymous_2)
FNDA:4,(anonymous_3)
FNDA:4,(anonymous_4)
FNDA:3,(anonymous_5)
FNDA:4,(anonymous_6)
FNDA:3,(anonymous_7)
DA:1,2
DA:8,2
DA:9,64
DA:10,64
DA:11,64
DA:12,64
DA:13,64
DA:14,64
DA:16,64
DA:17,19
DA:18,3
DA:19,3
DA:20,3
DA:21,3
DA:22,3
DA:24,16
DA:25,16
DA:26,16
DA:27,16
DA:28,16
DA:31,19
DA:34,64
DA:35,4
DA:37,4
DA:38,1
DA:41,4
DA:42,1
DA:45,4
DA:46,1
DA:47,3
DA:48,0
DA:51,4
DA:52,1
DA:55,4
DA:56,4
DA:59,64
DA:60,4
DA:62,4
DA:63,1
DA:66,3
DA:72,3
DA:75,64
DA:77,34
DA:87,4
DA:98,3
DA:109,4
DA:120,3
DA:135,2
LF:48
LH:47
BRDA:17,0,0,3
BRDA:17,0,1,16
BRDA:17,1,0,19
BRDA:17,1,1,3
BRDA:37,2,0,1
BRDA:41,3,0,1
BRDA:45,4,0,1
BRDA:45,4,1,3
BRDA:47,5,0,0
BRDA:51,6,0,1
BRDA:62,7,0,1
BRDA:75,8,0,30
BRDA:80,9,0,6
BRDA:80,9,1,28
BRDA:88,10,0,1
BRDA:88,10,1,33
BRDA:91,11,0,34
BRDA:91,11,1,1
BRDA:99,12,0,1
BRDA:99,12,1,33
BRDA:102,13,0,34
BRDA:102,13,1,1
BRDA:110,14,0,1
BRDA:110,14,1,33
BRDA:113,15,0,34
BRDA:113,15,1,1
BRDA:121,16,0,1
BRDA:121,16,1,33
BRDA:124,17,0,34
BRDA:124,17,1,1
BRF:30
BRH:29
end_of_record
TN:
SF:src\components\UserTable.tsx
FN:4,(anonymous_0)
FN:17,(anonymous_1)
FN:29,(anonymous_2)
FN:30,(anonymous_3)
FNF:4
FNH:4
FNDA:25,(anonymous_0)
FNDA:30,(anonymous_1)
FNDA:3,(anonymous_2)
FNDA:3,(anonymous_3)
DA:4,2
DA:5,25
DA:18,30
DA:29,3
DA:30,3
DA:39,2
LF:6
LH:6
BRF:0
BRH:0
end_of_record
